# JRE version: Java(TM) SE Runtime Environment (8.0_144-b01) (build 1.8.0_144-b01)
# Java VM: Java HotSpot(TM) 64-Bit Server VM (25.144-b01 mixed mode windows-amd64 compressed oops)
Heap:
 PSYoungGen      total 228352K, used 96549K [0x00000000eb180000, 0x0000000100000000, 0x0000000100000000)
  eden space 114176K, 84% used [0x00000000eb180000,0x00000000f0fc96f8,0x00000000f2100000)
  from space 114176K, 0% used [0x00000000f9080000,0x00000000f9080000,0x0000000100000000)
  to   space 114176K, 0% used [0x00000000f2100000,0x00000000f2100000,0x00000000f9080000)
 ParOldGen       total 278016K, used 274089K [0x00000000c1400000, 0x00000000d2380000, 0x00000000eb180000)
  object space 278016K, 98% used [0x00000000c1400000,0x00000000d1faa6e0,0x00000000d2380000)
 Metaspace       used 33232K, capacity 34182K, committed 34432K, reserved 1081344K
  class space    used 4230K, capacity 4436K, committed 4480K, reserved 1048576K
GC Heap History (10 events):
Event: 282.853 GC heap before
{Heap before GC invocations=42 (full 6):
 PSYoungGen      total 228352K, used 62375K [0x00000000eb180000, 0x0000000100000000, 0x0000000100000000)
  eden space 114176K, 0% used [0x00000000eb180000,0x00000000eb180000,0x00000000f2100000)
  from space 114176K, 54% used [0x00000000f9080000,0x00000000fcd69c68,0x0000000100000000)
  to   space 114176K, 0% used [0x00000000f2100000,0x00000000f2100000,0x00000000f9080000)
 ParOldGen       total 278016K, used 277962K [0x00000000c1400000, 0x00000000d2380000, 0x00000000eb180000)
  object space 278016K, 99% used [0x00000000c1400000,0x00000000d2372960,0x00000000d2380000)
 Metaspace       used 21720K, capacity 22126K, committed 22400K, reserved 1069056K
  class space    used 2505K, capacity 2616K, committed 2688K, reserved 1048576K
Event: 282.938 GC heap after
Heap after GC invocations=42 (full 6):
 PSYoungGen      total 228352K, used 10705K [0x00000000eb180000, 0x0000000100000000, 0x0000000100000000)
  eden space 114176K, 0% used [0x00000000eb180000,0x00000000eb180000,0x00000000f2100000)
  from space 114176K, 9% used [0x00000000f9080000,0x00000000f9af4460,0x0000000100000000)
  to   space 114176K, 0% used [0x00000000f2100000,0x00000000f2100000,0x00000000f9080000)
 ParOldGen       total 278016K, used 272198K [0x00000000c1400000, 0x00000000d2380000, 0x00000000eb180000)
  object space 278016K, 97% used [0x00000000c1400000,0x00000000d1dd1bf8,0x00000000d2380000)
 Metaspace       used 21720K, capacity 22126K, committed 22400K, reserved 1069056K
  class space    used 2505K, capacity 2616K, committed 2688K, reserved 1048576K
}
Event: 301.616 GC heap before
{Heap before GC invocations=43 (full 7):
 PSYoungGen      total 228352K, used 124841K [0x00000000eb180000, 0x0000000100000000, 0x0000000100000000)
  eden space 114176K, 99% used [0x00000000eb180000,0x00000000f20f60f8,0x00000000f2100000)
  from space 114176K, 9% used [0x00000000f9080000,0x00000000f9af4460,0x0000000100000000)
  to   space 114176K, 0% used [0x00000000f2100000,0x00000000f2100000,0x00000000f9080000)
 ParOldGen       total 278016K, used 272198K [0x00000000c1400000, 0x00000000d2380000, 0x00000000eb180000)
  object space 278016K, 97% used [0x00000000c1400000,0x00000000d1dd1bf8,0x00000000d2380000)
 Metaspace       used 21747K, capacity 22190K, committed 22400K, reserved 1069056K
  class space    used 2505K, capacity 2616K, committed 2688K, reserved 1048576K
Event: 301.671 GC heap after
Heap after GC invocations=43 (full 7):
 PSYoungGen      total 228352K, used 32157K [0x00000000eb180000, 0x0000000100000000, 0x0000000100000000)
  eden space 114176K, 28% used [0x00000000eb180000,0x00000000ed0e75c8,0x00000000f2100000)
  from space 114176K, 0% used [0x00000000f9080000,0x00000000f9080000,0x0000000100000000)
  to   space 114176K, 0% used [0x00000000f2100000,0x00000000f2100000,0x00000000f9080000)
 ParOldGen       total 278016K, used 270628K [0x00000000c1400000, 0x00000000d2380000, 0x00000000eb180000)
  object space 278016K, 97% used [0x00000000c1400000,0x00000000d1c49160,0x00000000d2380000)
 Metaspace       used 21747K, capacity 22190K, committed 22400K, reserved 1069056K
  class space    used 2505K, capacity 2616K, committed 2688K, reserved 1048576K
}
Event: 309.478 GC heap before
{Heap before GC invocations=44 (full 8):
 PSYoungGen      total 228352K, used 113767K [0x00000000eb180000, 0x0000000100000000, 0x0000000100000000)
  eden space 114176K, 99% used [0x00000000eb180000,0x00000000f2099e90,0x00000000f2100000)
  from space 114176K, 0% used [0x00000000f9080000,0x00000000f9080000,0x0000000100000000)
  to   space 114176K, 0% used [0x00000000f2100000,0x00000000f2100000,0x00000000f9080000)
 ParOldGen       total 278016K, used 270628K [0x00000000c1400000, 0x00000000d2380000, 0x00000000eb180000)
  object space 278016K, 97% used [0x00000000c1400000,0x00000000d1c49160,0x00000000d2380000)
 Metaspace       used 21768K, capacity 22196K, committed 22400K, reserved 1069056K
  class space    used 2506K, capacity 2617K, committed 2688K, reserved 1048576K
Event: 309.526 GC heap after
Heap after GC invocations=44 (full 8):
 PSYoungGen      total 228352K, used 15466K [0x00000000eb180000, 0x0000000100000000, 0x0000000100000000)
  eden space 114176K, 13% used [0x00000000eb180000,0x00000000ec09abf0,0x00000000f2100000)
  from space 114176K, 0% used [0x00000000f9080000,0x00000000f9080000,0x0000000100000000)
  to   space 114176K, 0% used [0x00000000f2100000,0x00000000f2100000,0x00000000f9080000)
 ParOldGen       total 278016K, used 270646K [0x00000000c1400000, 0x00000000d2380000, 0x00000000eb180000)
  object space 278016K, 97% used [0x00000000c1400000,0x00000000d1c4dbb8,0x00000000d2380000)
 Metaspace       used 21768K, capacity 22196K, committed 22400K, reserved 1069056K
  class space    used 2506K, capacity 2617K, committed 2688K, reserved 1048576K
}
Event: 324.459 GC heap before
{Heap before GC invocations=45 (full 9):
 PSYoungGen      total 228352K, used 114176K [0x00000000eb180000, 0x0000000100000000, 0x0000000100000000)
  eden space 114176K, 100% used [0x00000000eb180000,0x00000000f2100000,0x00000000f2100000)
  from space 114176K, 0% used [0x00000000f9080000,0x00000000f9080000,0x0000000100000000)
  to   space 114176K, 0% used [0x00000000f2100000,0x00000000f2100000,0x00000000f9080000)
 ParOldGen       total 278016K, used 270646K [0x00000000c1400000, 0x00000000d2380000, 0x00000000eb180000)
  object space 278016K, 97% used [0x00000000c1400000,0x00000000d1c4dbb8,0x00000000d2380000)
 Metaspace       used 21798K, capacity 22260K, committed 22656K, reserved 1069056K
  class space    used 2506K, capacity 2617K, committed 2688K, reserved 1048576K
Event: 324.478 GC heap after
Heap after GC invocations=45 (full 9):
 PSYoungGen      total 228352K, used 0K [0x00000000eb180000, 0x0000000100000000, 0x0000000100000000)
  eden space 114176K, 0% used [0x00000000eb180000,0x00000000eb180000,0x00000000f2100000)
  from space 114176K, 0% used [0x00000000f9080000,0x00000000f9080000,0x0000000100000000)
  to   space 114176K, 0% used [0x00000000f2100000,0x00000000f2100000,0x00000000f9080000)
 ParOldGen       total 278016K, used 265665K [0x00000000c1400000, 0x00000000d2380000, 0x00000000eb180000)
  object space 278016K, 95% used [0x00000000c1400000,0x00000000d17707c0,0x00000000d2380000)
 Metaspace       used 21798K, capacity 22260K, committed 22656K, reserved 1069056K
  class space    used 2506K, capacity 2617K, committed 2688K, reserved 1048576K
}
Event: 328.261 GC heap before
{Heap before GC invocations=46 (full 10):
 PSYoungGen      total 228352K, used 107669K [0x00000000eb180000, 0x0000000100000000, 0x0000000100000000)
  eden space 114176K, 94% used [0x00000000eb180000,0x00000000f1aa5518,0x00000000f2100000)
  from space 114176K, 0% used [0x00000000f9080000,0x00000000f9080000,0x0000000100000000)
  to   space 114176K, 0% used [0x00000000f2100000,0x00000000f2100000,0x00000000f9080000)
 ParOldGen       total 278016K, used 265665K [0x00000000c1400000, 0x00000000d2380000, 0x00000000eb180000)
  object space 278016K, 95% used [0x00000000c1400000,0x00000000d17707c0,0x00000000d2380000)
 Metaspace       used 32755K, capacity 33672K, committed 33920K, reserved 1079296K
  class space    used 4163K, capacity 4393K, committed 4480K, reserved 1048576K
Event: 328.371 GC heap after
Heap after GC invocations=46 (full 10):
 PSYoungGen      total 228352K, used 20397K [0x00000000eb180000, 0x0000000100000000, 0x0000000100000000)
  eden space 114176K, 17% used [0x00000000eb180000,0x00000000ec56b5b8,0x00000000f2100000)
  from space 114176K, 0% used [0x00000000f9080000,0x00000000f9080000,0x0000000100000000)
  to   space 114176K, 0% used [0x00000000f2100000,0x00000000f2100000,0x00000000f9080000)
 ParOldGen       total 278016K, used 274089K [0x00000000c1400000, 0x00000000d2380000, 0x00000000eb180000)
  object space 278016K, 98% used [0x00000000c1400000,0x00000000d1faa6e0,0x00000000d2380000)
 Metaspace       used 32755K, capacity 33672K, committed 33920K, reserved 1079296K
  class space    used 4163K, capacity 4393K, committed 4480K, reserved 1048576K
}

